-------------------------------------------------------------------------------
Test set: in.reqres.userinfo.UserCURDTestWithSteps
-------------------------------------------------------------------------------
Tests run: 14, Failures: 4, Errors: 0, Skipped: 0, Time elapsed: 6.536 sec <<< FAILURE! - in in.reqres.userinfo.UserCURDTestWithSteps
test002(in.reqres.userinfo.UserCURDTestWithSteps)  Time elapsed: 0.205 sec  <<< FAILURE!
java.lang.AssertionError: 1 expectation failed.
Expected status code <200> but was <404>.

	at io.restassured.internal.ResponseSpecificationImpl.validateResponseIfRequired(ResponseSpecificationImpl.groovy:636)
	at io.restassured.internal.ResponseSpecificationImpl.statusCode(ResponseSpecificationImpl.groovy:122)
	at io.restassured.internal.ResponseSpecificationImpl.statusCode(ResponseSpecificationImpl.groovy:130)
	at io.restassured.internal.ValidatableResponseOptionsImpl.statusCode(ValidatableResponseOptionsImpl.java:117)
	at in.reqres.userinfo.UserSteps.getUserByID(UserSteps.java:45)
	at in.reqres.userinfo.UserCURDTestWithSteps.test002(UserCURDTestWithSteps.java:42)

test003(in.reqres.userinfo.UserCURDTestWithSteps)  Time elapsed: 0.129 sec  <<< FAILURE!
java.lang.AssertionError: 1 expectation failed.
Expected status code <200> but was <400>.

	at io.restassured.internal.ResponseSpecificationImpl.validateResponseIfRequired(ResponseSpecificationImpl.groovy:636)
	at io.restassured.internal.ResponseSpecificationImpl.statusCode(ResponseSpecificationImpl.groovy:122)
	at io.restassured.internal.ResponseSpecificationImpl.statusCode(ResponseSpecificationImpl.groovy:130)
	at io.restassured.internal.ValidatableResponseOptionsImpl.statusCode(ValidatableResponseOptionsImpl.java:117)
	at in.reqres.userinfo.UserSteps.loginUser(UserSteps.java:62)
	at in.reqres.userinfo.UserCURDTestWithSteps.test003(UserCURDTestWithSteps.java:50)

test009(in.reqres.userinfo.UserCURDTestWithSteps)  Time elapsed: 0.096 sec  <<< FAILURE!
java.lang.AssertionError: expected:<12> but was:<8>
	at org.junit.Assert.fail(Assert.java:88)
	at org.junit.Assert.failNotEquals(Assert.java:834)
	at org.junit.Assert.assertEquals(Assert.java:645)
	at org.junit.Assert.assertEquals(Assert.java:631)
	at in.reqres.userinfo.UserCURDTestWithSteps.test009(UserCURDTestWithSteps.java:100)

test010(in.reqres.userinfo.UserCURDTestWithSteps)  Time elapsed: 0.112 sec  <<< FAILURE!
org.junit.ComparisonFailure: expected:<[Rachel]> but was:<[Byron]>
	at org.junit.Assert.assertEquals(Assert.java:115)
	at org.junit.Assert.assertEquals(Assert.java:144)
	at in.reqres.userinfo.UserCURDTestWithSteps.test010(UserCURDTestWithSteps.java:108)

