{"name":"test003","id":"in.reqres.userinfo.UserCURDTestWithSteps:test003","testCaseName":"in.reqres.userinfo.UserCURDTestWithSteps","testSteps":[{"number":1,"description":"Login User with email : shahbella55@gmail.com, password: Bella123","duration":129,"startTime":"2022-06-21T11:10:28.695+01:00[Europe/London]","exception":{"errorType":"java.lang.AssertionError","message":"1 expectation failed.\nExpected status code \u003c200\u003e but was \u003c400\u003e.\n","stackTrace":[{"declaringClass":"io.restassured.internal.ResponseSpecificationImpl","methodName":"validateResponseIfRequired","fileName":"ResponseSpecificationImpl.groovy","lineNumber":636},{"declaringClass":"io.restassured.internal.ResponseSpecificationImpl","methodName":"statusCode","fileName":"ResponseSpecificationImpl.groovy","lineNumber":122},{"declaringClass":"io.restassured.internal.ResponseSpecificationImpl","methodName":"statusCode","fileName":"ResponseSpecificationImpl.groovy","lineNumber":130},{"declaringClass":"io.restassured.internal.ValidatableResponseOptionsImpl","methodName":"statusCode","fileName":"ValidatableResponseOptionsImpl.java","lineNumber":117},{"declaringClass":"in.reqres.userinfo.UserSteps","methodName":"loginUser","fileName":"UserSteps.java","lineNumber":62},{"declaringClass":"in.reqres.userinfo.UserCURDTestWithSteps","methodName":"test003","fileName":"UserCURDTestWithSteps.java","lineNumber":50}]},"result":"FAILURE","precondition":false,"children":[{"number":2,"description":"POST https://reqres.in/api/login\r\r","duration":0,"startTime":"2022-06-21T11:10:28.824+01:00[Europe/London]","result":"SUCCESS","restQuery":{"method":"POST","path":"https://reqres.in/api/login\r\r","content":"{\n    \"name\": null,\n    \"job\": null,\n    \"email\": \"shahbella55@gmail.com\",\n    \"password\": \"Bella123\"\n}\r","contentType":"application/json","requestHeaders":"Accept\u003d*/*\r\n\t\t\t\tContent-Type\u003dapplication/json; charset\u003dUTF-8\r\r","requestCookies":"\r\r","responseHeaders":"Date: Tue, 21 Jun 2022 10:10:28 GMT\nContent-Type: application/json; charset\u003dutf-8\nContent-Length: 26\nConnection: keep-alive\nX-Powered-By: Express\nAccess-Control-Allow-Origin: *\nEtag: W/\"1a-EGIcyP6BIiCXl5Gb1aph5CGf4VQ\"\nVia: 1.1 vegur\nCF-Cache-Status: DYNAMIC\nExpect-CT: max-age\u003d604800, report-uri\u003d\"https://report-uri.cloudflare.com/cdn-cgi/beacon/expect-ct\"\nReport-To: {\"endpoints\":[{\"url\":\"https:\\/\\/a.nel.cloudflare.com\\/report\\/v3?s\u003drP46SjicK0iXW1IHHSECeNk%2FJQ3rnEwDFKSqw5IWy2yecs1be%2Bb%2FgU54aSztaGHxcdjr2XTo6amVNMuP9sNMT2E9K4SSoss%2BJ2medtcpRZv6VCAHvaAe1K9XVg%3D%3D\"}],\"group\":\"cf-nel\",\"max_age\":604800}\nNEL: {\"success_fraction\":0,\"report_to\":\"cf-nel\",\"max_age\":604800}\nServer: cloudflare\nCF-RAY: 71ebf4621ffa408a-LHR\r","responseCookies":"\r","responseBody":"{\n    \"error\": \"user not found\"\n}","statusCode":400},"precondition":false}]}],"userStory":{"id":"in.reqres.userinfo.UserCURDTestWithSteps","storyName":"User CURD test with steps","storyClassName":"in.reqres.userinfo.UserCURDTestWithSteps","path":"in.reqres.userinfo","type":"story"},"featureTag":{"name":"Userinfo/User CURD test with steps","type":"story"},"title":"This will login a user","tags":[{"name":"Userinfo/User CURD test with steps","type":"story"}],"startTime":"2022-06-21T11:10:28.695+01:00[Europe/London]","duration":129,"testFailureCause":{"errorType":"java.lang.AssertionError","message":"1 expectation failed.\nExpected status code \u003c200\u003e but was \u003c400\u003e.\n","stackTrace":[{"declaringClass":"io.restassured.internal.ResponseSpecificationImpl","methodName":"validateResponseIfRequired","fileName":"ResponseSpecificationImpl.groovy","lineNumber":636},{"declaringClass":"io.restassured.internal.ResponseSpecificationImpl","methodName":"statusCode","fileName":"ResponseSpecificationImpl.groovy","lineNumber":122},{"declaringClass":"io.restassured.internal.ResponseSpecificationImpl","methodName":"statusCode","fileName":"ResponseSpecificationImpl.groovy","lineNumber":130},{"declaringClass":"io.restassured.internal.ValidatableResponseOptionsImpl","methodName":"statusCode","fileName":"ValidatableResponseOptionsImpl.java","lineNumber":117},{"declaringClass":"in.reqres.userinfo.UserSteps","methodName":"loginUser","fileName":"UserSteps.java","lineNumber":62},{"declaringClass":"in.reqres.userinfo.UserCURDTestWithSteps","methodName":"test003","fileName":"UserCURDTestWithSteps.java","lineNumber":50}]},"testFailureClassname":"java.lang.AssertionError","testFailureMessage":"1 expectation failed.\nExpected status code \u003c200\u003e but was \u003c400\u003e.\n","testFailureSummary":"FAILURE;java.lang.AssertionError;1 expectation failed.\nExpected status code \u003c200\u003e but was \u003c400\u003e.\n;ResponseSpecificationImpl.groovy","projectKey":"","annotatedResult":"FAILURE","manual":false,"testSource":"JUnit","result":"FAILURE"}