<?xml version="1.0" encoding="UTF-8"?><testsuite errors="0" failures="4" name="in.reqres.userinfo.UserCURDTestWithSteps" skipped="0" tests="14" time="4.64" timestamp="2022-06-21T11:10:25.426+01:00[Europe/London]"><testcase classname="in.reqres.userinfo.UserCURDTestWithSteps" name="This will create a user"/><testcase classname="in.reqres.userinfo.UserCURDTestWithSteps" name="Verify is User is added or not"><failure message="1 expectation failed.&#10;Expected status code &lt;200&gt; but was &lt;404&gt;.&#10;" type="java.lang.AssertionError">1 expectation failed.
Expected status code &lt;200&gt; but was &lt;404&gt;.
</failure><system-err>1 expectation failed.
Expected status code &lt;200&gt; but was &lt;404&gt;.
&#13;
io.restassured.internal.ResponseSpecificationImpl.validateResponseIfRequired(ResponseSpecificationImpl.groovy:636)&#13;
io.restassured.internal.ResponseSpecificationImpl.statusCode(ResponseSpecificationImpl.groovy:122)&#13;
io.restassured.internal.ResponseSpecificationImpl.statusCode(ResponseSpecificationImpl.groovy:130)&#13;
io.restassured.internal.ValidatableResponseOptionsImpl.statusCode(ValidatableResponseOptionsImpl.java:117)&#13;
in.reqres.userinfo.UserSteps.getUserByID(UserSteps.java:45)&#13;
in.reqres.userinfo.UserCURDTestWithSteps.test002(UserCURDTestWithSteps.java:42)&#13;
</system-err></testcase><testcase classname="in.reqres.userinfo.UserCURDTestWithSteps" name="This will login a user"><failure message="1 expectation failed.&#10;Expected status code &lt;200&gt; but was &lt;400&gt;.&#10;" type="java.lang.AssertionError">1 expectation failed.
Expected status code &lt;200&gt; but was &lt;400&gt;.
</failure><system-err>1 expectation failed.
Expected status code &lt;200&gt; but was &lt;400&gt;.
&#13;
io.restassured.internal.ResponseSpecificationImpl.validateResponseIfRequired(ResponseSpecificationImpl.groovy:636)&#13;
io.restassured.internal.ResponseSpecificationImpl.statusCode(ResponseSpecificationImpl.groovy:122)&#13;
io.restassured.internal.ResponseSpecificationImpl.statusCode(ResponseSpecificationImpl.groovy:130)&#13;
io.restassured.internal.ValidatableResponseOptionsImpl.statusCode(ValidatableResponseOptionsImpl.java:117)&#13;
in.reqres.userinfo.UserSteps.loginUser(UserSteps.java:62)&#13;
in.reqres.userinfo.UserCURDTestWithSteps.test003(UserCURDTestWithSteps.java:50)&#13;
</system-err></testcase><testcase classname="in.reqres.userinfo.UserCURDTestWithSteps" name="This will update a user by PUT"/><testcase classname="in.reqres.userinfo.UserCURDTestWithSteps" name="This will update a user by Patch"/><testcase classname="in.reqres.userinfo.UserCURDTestWithSteps" name="This will Delete a user "/><testcase classname="in.reqres.userinfo.UserCURDTestWithSteps" name="1. This will verify if Page = 2"/><testcase classname="in.reqres.userinfo.UserCURDTestWithSteps" name="2. This will if verify Per_page = 6"/><testcase classname="in.reqres.userinfo.UserCURDTestWithSteps" name="3. This will if verify second data id = 12"><failure message="expected:&lt;12&gt; but was:&lt;8&gt;" type="java.lang.AssertionError">expected:&lt;12&gt; but was:&lt;8&gt;</failure><system-err>expected:&lt;12&gt; but was:&lt;8&gt;&#13;
in.reqres.userinfo.UserCURDTestWithSteps.test009(UserCURDTestWithSteps.java:100)&#13;
</system-err></testcase><testcase classname="in.reqres.userinfo.UserCURDTestWithSteps" name="4. This will if verify forth data first_name = Rachel"><failure message="expected:&lt;[Rachel]&gt; but was:&lt;[Byron]&gt;" type="org.junit.ComparisonFailure">expected:&lt;[Rachel]&gt; but was:&lt;[Byron]&gt;</failure><system-err>expected:&lt;[Rachel]&gt; but was:&lt;[Byron]&gt;&#13;
in.reqres.userinfo.UserCURDTestWithSteps.test010(UserCURDTestWithSteps.java:108)&#13;
</system-err></testcase><testcase classname="in.reqres.userinfo.UserCURDTestWithSteps" name="5. This will if verify list of data = 6"/><testcase classname="in.reqres.userinfo.UserCURDTestWithSteps" name="6. This will if verify fifth data avatar=https://reqres.in/img/faces/12-image.jpg"/><testcase classname="in.reqres.userinfo.UserCURDTestWithSteps" name="7. This will if verify support.url =https://reqres.in/#support-heading"/><testcase classname="in.reqres.userinfo.UserCURDTestWithSteps" name="8. This will if verify support.text = To keep ReqRes free, contributions towards server costs are appreciated!"/></testsuite>